\BOOKMARK [1][-]{section.1}{Introduction}{}% 1
\BOOKMARK [1][-]{section.2}{Search for associated production of Higgs boson with a top and anti-top pair in the final state of one lepton and one hadronically decaying }{}% 2
\BOOKMARK [2][-]{subsection.2.1}{The signal process}{section.2}% 3
\BOOKMARK [2][-]{subsection.2.2}{Event selection}{section.2}% 4
\BOOKMARK [2][-]{subsection.2.3}{Background estimation}{section.2}% 5
\BOOKMARK [3][-]{subsubsection.2.3.1}{Estimation of the \215Fake\216 background}{subsection.2.3}% 6
\BOOKMARK [2][-]{subsection.2.4}{Search strategy}{section.2}% 7
\BOOKMARK [2][-]{subsection.2.5}{Systematics}{section.2}% 8
\BOOKMARK [2][-]{subsection.2.6}{Results}{section.2}% 9
\BOOKMARK [2][-]{subsection.2.7}{My contribution to the analysis:}{section.2}% 10
\BOOKMARK [1][-]{section.3}{Search for top squark pair production in a final state with two tau leptons in proton-proton collisions at s = 13 TeV}{}% 11
\BOOKMARK [2][-]{subsection.3.1}{Introduction}{section.3}% 12
\BOOKMARK [2][-]{subsection.3.2}{The signal process}{section.3}% 13
\BOOKMARK [2][-]{subsection.3.3}{Why \040lepton final state}{section.3}% 14
\BOOKMARK [2][-]{subsection.3.4}{Search Variables}{section.3}% 15
\BOOKMARK [2][-]{subsection.3.5}{Search Region}{section.3}% 16
\BOOKMARK [2][-]{subsection.3.6}{Signal Region Selection}{section.3}% 17
\BOOKMARK [2][-]{subsection.3.7}{Background estimation}{section.3}% 18
\BOOKMARK [3][-]{subsubsection.3.7.1}{Tau lepton pairs from top production}{subsection.3.7}% 19
\BOOKMARK [3][-]{subsubsection.3.7.2}{Misidentified hadronically decaying tau lepton candidates}{subsection.3.7}% 20
\BOOKMARK [2][-]{subsection.3.8}{Systematics}{section.3}% 21
\BOOKMARK [2][-]{subsection.3.9}{Results}{section.3}% 22
\BOOKMARK [1][-]{section.4}{Summary}{}% 23
